running install
running bdist_egg
running egg_info
writing cms.egg-info/PKG-INFO
writing top-level names to cms.egg-info/top_level.txt
writing dependency_links to cms.egg-info/dependency_links.txt
writing entry points to cms.egg-info/entry_points.txt
reading manifest file 'cms.egg-info/SOURCES.txt'
writing manifest file 'cms.egg-info/SOURCES.txt'
installing library code to build/bdist.linux-i686/egg
running install_lib
running build_py
creating build/bdist.linux-i686/egg
creating build/bdist.linux-i686/egg/cmstaskenv
copying build/lib.linux-i686-2.7/cmstaskenv/cmsMake.py -> build/bdist.linux-i686/egg/cmstaskenv
copying build/lib.linux-i686-2.7/cmstaskenv/__init__.py -> build/bdist.linux-i686/egg/cmstaskenv
copying build/lib.linux-i686-2.7/cmstaskenv/Test.py -> build/bdist.linux-i686/egg/cmstaskenv
creating build/bdist.linux-i686/egg/cmscommon
copying build/lib.linux-i686-2.7/cmscommon/datetime.py -> build/bdist.linux-i686/egg/cmscommon
copying build/lib.linux-i686-2.7/cmscommon/__init__.py -> build/bdist.linux-i686/egg/cmscommon
copying build/lib.linux-i686-2.7/cmscommon/isocodes.py -> build/bdist.linux-i686/egg/cmscommon
copying build/lib.linux-i686-2.7/cmscommon/eventsource.py -> build/bdist.linux-i686/egg/cmscommon
copying build/lib.linux-i686-2.7/cmscommon/mimetypes.py -> build/bdist.linux-i686/egg/cmscommon
copying build/lib.linux-i686-2.7/cmscommon/crypto.py -> build/bdist.linux-i686/egg/cmscommon
creating build/bdist.linux-i686/egg/cmstestsuite
copying build/lib.linux-i686-2.7/cmstestsuite/ReplayContest.py -> build/bdist.linux-i686/egg/cmstestsuite
creating build/bdist.linux-i686/egg/cmstestsuite/code
copying build/lib.linux-i686-2.7/cmstestsuite/code/compile-fail.c -> build/bdist.linux-i686/egg/cmstestsuite/code
copying build/lib.linux-i686-2.7/cmstestsuite/code/nonzero-return-stdio.py -> build/bdist.linux-i686/egg/cmstestsuite/code
copying build/lib.linux-i686-2.7/cmstestsuite/code/communication-incorrect.c -> build/bdist.linux-i686/egg/cmstestsuite/code
copying build/lib.linux-i686-2.7/cmstestsuite/code/half-correct-stdio.pas -> build/bdist.linux-i686/egg/cmstestsuite/code
copying build/lib.linux-i686-2.7/cmstestsuite/code/nonzero-return-fileio.java -> build/bdist.linux-i686/egg/cmstestsuite/code
copying build/lib.linux-i686-2.7/cmstestsuite/code/incorrect-stdio.pas -> build/bdist.linux-i686/egg/cmstestsuite/code
copying build/lib.linux-i686-2.7/cmstestsuite/code/fork.c -> build/bdist.linux-i686/egg/cmstestsuite/code
copying build/lib.linux-i686-2.7/cmstestsuite/code/managed-correct.pas -> build/bdist.linux-i686/egg/cmstestsuite/code
copying build/lib.linux-i686-2.7/cmstestsuite/code/nonzero-return-stdio.cpp -> build/bdist.linux-i686/egg/cmstestsuite/code
copying build/lib.linux-i686-2.7/cmstestsuite/code/oom-heap.pas -> build/bdist.linux-i686/egg/cmstestsuite/code
copying build/lib.linux-i686-2.7/cmstestsuite/code/oom-heap.java -> build/bdist.linux-i686/egg/cmstestsuite/code
copying build/lib.linux-i686-2.7/cmstestsuite/code/timeout-cputime.cpp -> build/bdist.linux-i686/egg/cmstestsuite/code
copying build/lib.linux-i686-2.7/cmstestsuite/code/managed-incorrect.pas -> build/bdist.linux-i686/egg/cmstestsuite/code
copying build/lib.linux-i686-2.7/cmstestsuite/code/oom-static.c -> build/bdist.linux-i686/egg/cmstestsuite/code
copying build/lib.linux-i686-2.7/cmstestsuite/code/communication-correct.c -> build/bdist.linux-i686/egg/cmstestsuite/code
copying build/lib.linux-i686-2.7/cmstestsuite/code/incorrect-fileio.pas -> build/bdist.linux-i686/egg/cmstestsuite/code
copying build/lib.linux-i686-2.7/cmstestsuite/code/nonzero-return-stdio.c -> build/bdist.linux-i686/egg/cmstestsuite/code
copying build/lib.linux-i686-2.7/cmstestsuite/code/oom-heap.py -> build/bdist.linux-i686/egg/cmstestsuite/code
copying build/lib.linux-i686-2.7/cmstestsuite/code/communication-correct.java -> build/bdist.linux-i686/egg/cmstestsuite/code
copying build/lib.linux-i686-2.7/cmstestsuite/code/correct-fileio.c -> build/bdist.linux-i686/egg/cmstestsuite/code
copying build/lib.linux-i686-2.7/cmstestsuite/code/incorrect-fileio-with-stdio.cpp -> build/bdist.linux-i686/egg/cmstestsuite/code
copying build/lib.linux-i686-2.7/cmstestsuite/code/compile-fail.pas -> build/bdist.linux-i686/egg/cmstestsuite/code
copying build/lib.linux-i686-2.7/cmstestsuite/code/half-correct-fileio.py -> build/bdist.linux-i686/egg/cmstestsuite/code
copying build/lib.linux-i686-2.7/cmstestsuite/code/timeout-cputime.java -> build/bdist.linux-i686/egg/cmstestsuite/code
copying build/lib.linux-i686-2.7/cmstestsuite/code/timeout-sleep.cpp -> build/bdist.linux-i686/egg/cmstestsuite/code
copying build/lib.linux-i686-2.7/cmstestsuite/code/correct-stdio.cpp -> build/bdist.linux-i686/egg/cmstestsuite/code
copying build/lib.linux-i686-2.7/cmstestsuite/code/half-correct-fileio.pas -> build/bdist.linux-i686/egg/cmstestsuite/code
copying build/lib.linux-i686-2.7/cmstestsuite/code/incorrect-fileio.php -> build/bdist.linux-i686/egg/cmstestsuite/code
copying build/lib.linux-i686-2.7/cmstestsuite/code/timeout-sigstop.cpp -> build/bdist.linux-i686/egg/cmstestsuite/code
copying build/lib.linux-i686-2.7/cmstestsuite/code/managed-correct.c -> build/bdist.linux-i686/egg/cmstestsuite/code
copying build/lib.linux-i686-2.7/cmstestsuite/code/compile-fail.py -> build/bdist.linux-i686/egg/cmstestsuite/code
copying build/lib.linux-i686-2.7/cmstestsuite/code/correct-fileio.py -> build/bdist.linux-i686/egg/cmstestsuite/code
copying build/lib.linux-i686-2.7/cmstestsuite/code/oom-heap.php -> build/bdist.linux-i686/egg/cmstestsuite/code
copying build/lib.linux-i686-2.7/cmstestsuite/code/correct-freopen.c -> build/bdist.linux-i686/egg/cmstestsuite/code
copying build/lib.linux-i686-2.7/cmstestsuite/code/incorrect-fileio.cpp -> build/bdist.linux-i686/egg/cmstestsuite/code
copying build/lib.linux-i686-2.7/cmstestsuite/code/nonzero-return-stdio.pas -> build/bdist.linux-i686/egg/cmstestsuite/code
copying build/lib.linux-i686-2.7/cmstestsuite/code/incorrect-fileio-emptyoutput.c -> build/bdist.linux-i686/egg/cmstestsuite/code
copying build/lib.linux-i686-2.7/cmstestsuite/code/communication-incorrect.java -> build/bdist.linux-i686/egg/cmstestsuite/code
copying build/lib.linux-i686-2.7/cmstestsuite/code/fork.cpp -> build/bdist.linux-i686/egg/cmstestsuite/code
copying build/lib.linux-i686-2.7/cmstestsuite/code/timeout-cputime.php -> build/bdist.linux-i686/egg/cmstestsuite/code
copying build/lib.linux-i686-2.7/cmstestsuite/code/managed-correct.cpp -> build/bdist.linux-i686/egg/cmstestsuite/code
copying build/lib.linux-i686-2.7/cmstestsuite/code/correct-fileio.pas -> build/bdist.linux-i686/egg/cmstestsuite/code
copying build/lib.linux-i686-2.7/cmstestsuite/code/half-correct-stdio.java -> build/bdist.linux-i686/egg/cmstestsuite/code
copying build/lib.linux-i686-2.7/cmstestsuite/code/correct-fileio.java -> build/bdist.linux-i686/egg/cmstestsuite/code
copying build/lib.linux-i686-2.7/cmstestsuite/code/correct-stdio.java -> build/bdist.linux-i686/egg/cmstestsuite/code
copying build/lib.linux-i686-2.7/cmstestsuite/code/oom-static.cpp -> build/bdist.linux-i686/egg/cmstestsuite/code
copying build/lib.linux-i686-2.7/cmstestsuite/code/half-correct-fileio.java -> build/bdist.linux-i686/egg/cmstestsuite/code
copying build/lib.linux-i686-2.7/cmstestsuite/code/half-correct-fileio.cpp -> build/bdist.linux-i686/egg/cmstestsuite/code
copying build/lib.linux-i686-2.7/cmstestsuite/code/incorrect-stdio.php -> build/bdist.linux-i686/egg/cmstestsuite/code
copying build/lib.linux-i686-2.7/cmstestsuite/code/incorrect-fileio.java -> build/bdist.linux-i686/egg/cmstestsuite/code
copying build/lib.linux-i686-2.7/cmstestsuite/code/incorrect-fileio-with-stdio.py -> build/bdist.linux-i686/egg/cmstestsuite/code
copying build/lib.linux-i686-2.7/cmstestsuite/code/timeout-pause.cpp -> build/bdist.linux-i686/egg/cmstestsuite/code
copying build/lib.linux-i686-2.7/cmstestsuite/code/timeout-cputime.py -> build/bdist.linux-i686/egg/cmstestsuite/code
copying build/lib.linux-i686-2.7/cmstestsuite/code/half-correct-stdio.c -> build/bdist.linux-i686/egg/cmstestsuite/code
copying build/lib.linux-i686-2.7/cmstestsuite/code/half-correct-fileio.php -> build/bdist.linux-i686/egg/cmstestsuite/code
copying build/lib.linux-i686-2.7/cmstestsuite/code/managed-correct.java -> build/bdist.linux-i686/egg/cmstestsuite/code
copying build/lib.linux-i686-2.7/cmstestsuite/code/timeout-cputime.pas -> build/bdist.linux-i686/egg/cmstestsuite/code
copying build/lib.linux-i686-2.7/cmstestsuite/code/incorrect-stdio.java -> build/bdist.linux-i686/egg/cmstestsuite/code
copying build/lib.linux-i686-2.7/cmstestsuite/code/incorrect-stdio.py -> build/bdist.linux-i686/egg/cmstestsuite/code
copying build/lib.linux-i686-2.7/cmstestsuite/code/oom-static.pas -> build/bdist.linux-i686/egg/cmstestsuite/code
copying build/lib.linux-i686-2.7/cmstestsuite/code/compile-fail.java -> build/bdist.linux-i686/egg/cmstestsuite/code
copying build/lib.linux-i686-2.7/cmstestsuite/code/incorrect-fileio-with-stdio.pas -> build/bdist.linux-i686/egg/cmstestsuite/code
copying build/lib.linux-i686-2.7/cmstestsuite/code/correct-pause.cpp -> build/bdist.linux-i686/egg/cmstestsuite/code
copying build/lib.linux-i686-2.7/cmstestsuite/code/half-correct-fileio.c -> build/bdist.linux-i686/egg/cmstestsuite/code
copying build/lib.linux-i686-2.7/cmstestsuite/code/half-correct-stdio.cpp -> build/bdist.linux-i686/egg/cmstestsuite/code
copying build/lib.linux-i686-2.7/cmstestsuite/code/compile-fail.cpp -> build/bdist.linux-i686/egg/cmstestsuite/code
copying build/lib.linux-i686-2.7/cmstestsuite/code/timeout-cputime.c -> build/bdist.linux-i686/egg/cmstestsuite/code
copying build/lib.linux-i686-2.7/cmstestsuite/code/nonzero-return-stdio.java -> build/bdist.linux-i686/egg/cmstestsuite/code
copying build/lib.linux-i686-2.7/cmstestsuite/code/incorrect-fileio-with-stdio.c -> build/bdist.linux-i686/egg/cmstestsuite/code
copying build/lib.linux-i686-2.7/cmstestsuite/code/correct-fileio.cpp -> build/bdist.linux-i686/egg/cmstestsuite/code
copying build/lib.linux-i686-2.7/cmstestsuite/code/nonzero-return-fileio.c -> build/bdist.linux-i686/egg/cmstestsuite/code
copying build/lib.linux-i686-2.7/cmstestsuite/code/half-correct-stdio.py -> build/bdist.linux-i686/egg/cmstestsuite/code
copying build/lib.linux-i686-2.7/cmstestsuite/code/nonzero-return-fileio.pas -> build/bdist.linux-i686/egg/cmstestsuite/code
copying build/lib.linux-i686-2.7/cmstestsuite/code/incorrect-fileio.py -> build/bdist.linux-i686/egg/cmstestsuite/code
copying build/lib.linux-i686-2.7/cmstestsuite/code/incorrect-stdio.cpp -> build/bdist.linux-i686/egg/cmstestsuite/code
copying build/lib.linux-i686-2.7/cmstestsuite/code/correct-fileio.php -> build/bdist.linux-i686/egg/cmstestsuite/code
copying build/lib.linux-i686-2.7/cmstestsuite/code/communication-correct.cpp -> build/bdist.linux-i686/egg/cmstestsuite/code
copying build/lib.linux-i686-2.7/cmstestsuite/code/incorrect-fileio-with-stdio.java -> build/bdist.linux-i686/egg/cmstestsuite/code
copying build/lib.linux-i686-2.7/cmstestsuite/code/communication-incorrect.cpp -> build/bdist.linux-i686/egg/cmstestsuite/code
copying build/lib.linux-i686-2.7/cmstestsuite/code/correct-stdio.php -> build/bdist.linux-i686/egg/cmstestsuite/code
copying build/lib.linux-i686-2.7/cmstestsuite/code/timeout-select.cpp -> build/bdist.linux-i686/egg/cmstestsuite/code
copying build/lib.linux-i686-2.7/cmstestsuite/code/oom-heap.c -> build/bdist.linux-i686/egg/cmstestsuite/code
copying build/lib.linux-i686-2.7/cmstestsuite/code/correct-stdio.pas -> build/bdist.linux-i686/egg/cmstestsuite/code
copying build/lib.linux-i686-2.7/cmstestsuite/code/nonzero-return-fileio.py -> build/bdist.linux-i686/egg/cmstestsuite/code
copying build/lib.linux-i686-2.7/cmstestsuite/code/nonzero-return-stdio.php -> build/bdist.linux-i686/egg/cmstestsuite/code
copying build/lib.linux-i686-2.7/cmstestsuite/code/managed-incorrect.java -> build/bdist.linux-i686/egg/cmstestsuite/code
copying build/lib.linux-i686-2.7/cmstestsuite/code/incorrect-fileio-nooutput.c -> build/bdist.linux-i686/egg/cmstestsuite/code
copying build/lib.linux-i686-2.7/cmstestsuite/code/correct-stdio.c -> build/bdist.linux-i686/egg/cmstestsuite/code
copying build/lib.linux-i686-2.7/cmstestsuite/code/half-correct-stdio.php -> build/bdist.linux-i686/egg/cmstestsuite/code
copying build/lib.linux-i686-2.7/cmstestsuite/code/nonzero-return-fileio.php -> build/bdist.linux-i686/egg/cmstestsuite/code
copying build/lib.linux-i686-2.7/cmstestsuite/code/communication-correct.pas -> build/bdist.linux-i686/egg/cmstestsuite/code
copying build/lib.linux-i686-2.7/cmstestsuite/code/incorrect-fileio.c -> build/bdist.linux-i686/egg/cmstestsuite/code
copying build/lib.linux-i686-2.7/cmstestsuite/code/communication-incorrect.pas -> build/bdist.linux-i686/egg/cmstestsuite/code
copying build/lib.linux-i686-2.7/cmstestsuite/code/nonzero-return-fileio.cpp -> build/bdist.linux-i686/egg/cmstestsuite/code
copying build/lib.linux-i686-2.7/cmstestsuite/code/incorrect-stdio.c -> build/bdist.linux-i686/egg/cmstestsuite/code
copying build/lib.linux-i686-2.7/cmstestsuite/code/managed-incorrect.c -> build/bdist.linux-i686/egg/cmstestsuite/code
copying build/lib.linux-i686-2.7/cmstestsuite/code/correct-stdio.py -> build/bdist.linux-i686/egg/cmstestsuite/code
copying build/lib.linux-i686-2.7/cmstestsuite/code/incorrect-fileio-with-stdio.php -> build/bdist.linux-i686/egg/cmstestsuite/code
copying build/lib.linux-i686-2.7/cmstestsuite/code/managed-incorrect.cpp -> build/bdist.linux-i686/egg/cmstestsuite/code
copying build/lib.linux-i686-2.7/cmstestsuite/code/oom-heap.cpp -> build/bdist.linux-i686/egg/cmstestsuite/code
copying build/lib.linux-i686-2.7/cmstestsuite/StressTest.py -> build/bdist.linux-i686/egg/cmstestsuite
copying build/lib.linux-i686-2.7/cmstestsuite/ReplayContestFromAdapter.py -> build/bdist.linux-i686/egg/cmstestsuite
copying build/lib.linux-i686-2.7/cmstestsuite/__init__.py -> build/bdist.linux-i686/egg/cmstestsuite
copying build/lib.linux-i686-2.7/cmstestsuite/AdaptContest.py -> build/bdist.linux-i686/egg/cmstestsuite
copying build/lib.linux-i686-2.7/cmstestsuite/RunTests.py -> build/bdist.linux-i686/egg/cmstestsuite
creating build/bdist.linux-i686/egg/cmstestsuite/tasks
creating build/bdist.linux-i686/egg/cmstestsuite/tasks/batch_fileio_managed
creating build/bdist.linux-i686/egg/cmstestsuite/tasks/batch_fileio_managed/code
copying build/lib.linux-i686-2.7/cmstestsuite/tasks/batch_fileio_managed/code/grader.c -> build/bdist.linux-i686/egg/cmstestsuite/tasks/batch_fileio_managed/code
copying build/lib.linux-i686-2.7/cmstestsuite/tasks/batch_fileio_managed/code/grader.java -> build/bdist.linux-i686/egg/cmstestsuite/tasks/batch_fileio_managed/code
copying build/lib.linux-i686-2.7/cmstestsuite/tasks/batch_fileio_managed/code/checker -> build/bdist.linux-i686/egg/cmstestsuite/tasks/batch_fileio_managed/code
copying build/lib.linux-i686-2.7/cmstestsuite/tasks/batch_fileio_managed/code/grader.cpp -> build/bdist.linux-i686/egg/cmstestsuite/tasks/batch_fileio_managed/code
copying build/lib.linux-i686-2.7/cmstestsuite/tasks/batch_fileio_managed/code/grader.pas -> build/bdist.linux-i686/egg/cmstestsuite/tasks/batch_fileio_managed/code
creating build/bdist.linux-i686/egg/cmstestsuite/tasks/batch_fileio_managed/data
copying build/lib.linux-i686-2.7/cmstestsuite/tasks/batch_fileio_managed/data/1.out -> build/bdist.linux-i686/egg/cmstestsuite/tasks/batch_fileio_managed/data
copying build/lib.linux-i686-2.7/cmstestsuite/tasks/batch_fileio_managed/data/2.in -> build/bdist.linux-i686/egg/cmstestsuite/tasks/batch_fileio_managed/data
copying build/lib.linux-i686-2.7/cmstestsuite/tasks/batch_fileio_managed/data/1.in -> build/bdist.linux-i686/egg/cmstestsuite/tasks/batch_fileio_managed/data
copying build/lib.linux-i686-2.7/cmstestsuite/tasks/batch_fileio_managed/data/2.out -> build/bdist.linux-i686/egg/cmstestsuite/tasks/batch_fileio_managed/data
copying build/lib.linux-i686-2.7/cmstestsuite/tasks/batch_fileio_managed/__init__.py -> build/bdist.linux-i686/egg/cmstestsuite/tasks/batch_fileio_managed
creating build/bdist.linux-i686/egg/cmstestsuite/tasks/communication
creating build/bdist.linux-i686/egg/cmstestsuite/tasks/communication/code
copying build/lib.linux-i686-2.7/cmstestsuite/tasks/communication/code/manager -> build/bdist.linux-i686/egg/cmstestsuite/tasks/communication/code
copying build/lib.linux-i686-2.7/cmstestsuite/tasks/communication/code/stub.pas -> build/bdist.linux-i686/egg/cmstestsuite/tasks/communication/code
copying build/lib.linux-i686-2.7/cmstestsuite/tasks/communication/code/stub.cpp -> build/bdist.linux-i686/egg/cmstestsuite/tasks/communication/code
copying build/lib.linux-i686-2.7/cmstestsuite/tasks/communication/code/stub.java -> build/bdist.linux-i686/egg/cmstestsuite/tasks/communication/code
copying build/lib.linux-i686-2.7/cmstestsuite/tasks/communication/code/stub.c -> build/bdist.linux-i686/egg/cmstestsuite/tasks/communication/code
creating build/bdist.linux-i686/egg/cmstestsuite/tasks/communication/data
copying build/lib.linux-i686-2.7/cmstestsuite/tasks/communication/data/1.out -> build/bdist.linux-i686/egg/cmstestsuite/tasks/communication/data
copying build/lib.linux-i686-2.7/cmstestsuite/tasks/communication/data/2.in -> build/bdist.linux-i686/egg/cmstestsuite/tasks/communication/data
copying build/lib.linux-i686-2.7/cmstestsuite/tasks/communication/data/1.in -> build/bdist.linux-i686/egg/cmstestsuite/tasks/communication/data
copying build/lib.linux-i686-2.7/cmstestsuite/tasks/communication/data/2.out -> build/bdist.linux-i686/egg/cmstestsuite/tasks/communication/data
copying build/lib.linux-i686-2.7/cmstestsuite/tasks/communication/__init__.py -> build/bdist.linux-i686/egg/cmstestsuite/tasks/communication
creating build/bdist.linux-i686/egg/cmstestsuite/tasks/batch_fileio
creating build/bdist.linux-i686/egg/cmstestsuite/tasks/batch_fileio/data
copying build/lib.linux-i686-2.7/cmstestsuite/tasks/batch_fileio/data/1.out -> build/bdist.linux-i686/egg/cmstestsuite/tasks/batch_fileio/data
copying build/lib.linux-i686-2.7/cmstestsuite/tasks/batch_fileio/data/2.in -> build/bdist.linux-i686/egg/cmstestsuite/tasks/batch_fileio/data
copying build/lib.linux-i686-2.7/cmstestsuite/tasks/batch_fileio/data/1.in -> build/bdist.linux-i686/egg/cmstestsuite/tasks/batch_fileio/data
copying build/lib.linux-i686-2.7/cmstestsuite/tasks/batch_fileio/data/2.out -> build/bdist.linux-i686/egg/cmstestsuite/tasks/batch_fileio/data
copying build/lib.linux-i686-2.7/cmstestsuite/tasks/batch_fileio/__init__.py -> build/bdist.linux-i686/egg/cmstestsuite/tasks/batch_fileio
copying build/lib.linux-i686-2.7/cmstestsuite/tasks/__init__.py -> build/bdist.linux-i686/egg/cmstestsuite/tasks
creating build/bdist.linux-i686/egg/cmstestsuite/tasks/batch_stdio
creating build/bdist.linux-i686/egg/cmstestsuite/tasks/batch_stdio/data
copying build/lib.linux-i686-2.7/cmstestsuite/tasks/batch_stdio/data/1.out -> build/bdist.linux-i686/egg/cmstestsuite/tasks/batch_stdio/data
copying build/lib.linux-i686-2.7/cmstestsuite/tasks/batch_stdio/data/2.in -> build/bdist.linux-i686/egg/cmstestsuite/tasks/batch_stdio/data
copying build/lib.linux-i686-2.7/cmstestsuite/tasks/batch_stdio/data/1.in -> build/bdist.linux-i686/egg/cmstestsuite/tasks/batch_stdio/data
copying build/lib.linux-i686-2.7/cmstestsuite/tasks/batch_stdio/data/2.out -> build/bdist.linux-i686/egg/cmstestsuite/tasks/batch_stdio/data
copying build/lib.linux-i686-2.7/cmstestsuite/tasks/batch_stdio/__init__.py -> build/bdist.linux-i686/egg/cmstestsuite/tasks/batch_stdio
copying build/lib.linux-i686-2.7/cmstestsuite/TestCleanCheckout.py -> build/bdist.linux-i686/egg/cmstestsuite
copying build/lib.linux-i686-2.7/cmstestsuite/Submit.py -> build/bdist.linux-i686/egg/cmstestsuite
copying build/lib.linux-i686-2.7/cmstestsuite/Tests.py -> build/bdist.linux-i686/egg/cmstestsuite
copying build/lib.linux-i686-2.7/cmstestsuite/Test.py -> build/bdist.linux-i686/egg/cmstestsuite
copying build/lib.linux-i686-2.7/cmstestsuite/RunFunctionalTests.py -> build/bdist.linux-i686/egg/cmstestsuite
copying build/lib.linux-i686-2.7/cmstestsuite/TestService.py -> build/bdist.linux-i686/egg/cmstestsuite
copying build/lib.linux-i686-2.7/cmstestsuite/RunUnitTests.py -> build/bdist.linux-i686/egg/cmstestsuite
creating build/bdist.linux-i686/egg/cmstestsuite/web
copying build/lib.linux-i686-2.7/cmstestsuite/web/AWSRequests.py -> build/bdist.linux-i686/egg/cmstestsuite/web
copying build/lib.linux-i686-2.7/cmstestsuite/web/__init__.py -> build/bdist.linux-i686/egg/cmstestsuite/web
copying build/lib.linux-i686-2.7/cmstestsuite/web/CWSRequests.py -> build/bdist.linux-i686/egg/cmstestsuite/web
creating build/bdist.linux-i686/egg/cmscontrib
copying build/lib.linux-i686-2.7/cmscontrib/Importer.py -> build/bdist.linux-i686/egg/cmscontrib
copying build/lib.linux-i686-2.7/cmscontrib/DumpUpdater.py -> build/bdist.linux-i686/egg/cmscontrib
copying build/lib.linux-i686-2.7/cmscontrib/Reimporter.py -> build/bdist.linux-i686/egg/cmscontrib
creating build/bdist.linux-i686/egg/cmscontrib/updaters
copying build/lib.linux-i686-2.7/cmscontrib/updaters/update_8.py -> build/bdist.linux-i686/egg/cmscontrib/updaters
copying build/lib.linux-i686-2.7/cmscontrib/updaters/update_7.py -> build/bdist.linux-i686/egg/cmscontrib/updaters
copying build/lib.linux-i686-2.7/cmscontrib/updaters/update_4.py -> build/bdist.linux-i686/egg/cmscontrib/updaters
copying build/lib.linux-i686-2.7/cmscontrib/updaters/update_5.py -> build/bdist.linux-i686/egg/cmscontrib/updaters
copying build/lib.linux-i686-2.7/cmscontrib/updaters/update_3.py -> build/bdist.linux-i686/egg/cmscontrib/updaters
copying build/lib.linux-i686-2.7/cmscontrib/updaters/update_12.py -> build/bdist.linux-i686/egg/cmscontrib/updaters
copying build/lib.linux-i686-2.7/cmscontrib/updaters/update_11.py -> build/bdist.linux-i686/egg/cmscontrib/updaters
copying build/lib.linux-i686-2.7/cmscontrib/updaters/__init__.py -> build/bdist.linux-i686/egg/cmscontrib/updaters
copying build/lib.linux-i686-2.7/cmscontrib/updaters/update_10.py -> build/bdist.linux-i686/egg/cmscontrib/updaters
copying build/lib.linux-i686-2.7/cmscontrib/updaters/update_6.py -> build/bdist.linux-i686/egg/cmscontrib/updaters
copying build/lib.linux-i686-2.7/cmscontrib/updaters/update_2.py -> build/bdist.linux-i686/egg/cmscontrib/updaters
copying build/lib.linux-i686-2.7/cmscontrib/updaters/update_9.py -> build/bdist.linux-i686/egg/cmscontrib/updaters
copying build/lib.linux-i686-2.7/cmscontrib/updaters/update_1.py -> build/bdist.linux-i686/egg/cmscontrib/updaters
copying build/lib.linux-i686-2.7/cmscontrib/RemoveUser.py -> build/bdist.linux-i686/egg/cmscontrib
copying build/lib.linux-i686-2.7/cmscontrib/ComputeComplexity.py -> build/bdist.linux-i686/egg/cmscontrib
copying build/lib.linux-i686-2.7/cmscontrib/AddUser.py -> build/bdist.linux-i686/egg/cmscontrib
copying build/lib.linux-i686-2.7/cmscontrib/SpoolExporter.py -> build/bdist.linux-i686/egg/cmscontrib
copying build/lib.linux-i686-2.7/cmscontrib/ContestExporter.py -> build/bdist.linux-i686/egg/cmscontrib
copying build/lib.linux-i686-2.7/cmscontrib/BaseLoader.py -> build/bdist.linux-i686/egg/cmscontrib
copying build/lib.linux-i686-2.7/cmscontrib/Loaders.py -> build/bdist.linux-i686/egg/cmscontrib
copying build/lib.linux-i686-2.7/cmscontrib/YamlLoader.py -> build/bdist.linux-i686/egg/cmscontrib
copying build/lib.linux-i686-2.7/cmscontrib/__init__.py -> build/bdist.linux-i686/egg/cmscontrib
copying build/lib.linux-i686-2.7/cmscontrib/ComputeComplexityLengtherExample.py -> build/bdist.linux-i686/egg/cmscontrib
copying build/lib.linux-i686-2.7/cmscontrib/RWSHelper.py -> build/bdist.linux-i686/egg/cmscontrib
copying build/lib.linux-i686-2.7/cmscontrib/ContestImporter.py -> build/bdist.linux-i686/egg/cmscontrib
copying build/lib.linux-i686-2.7/cmscontrib/RemoveTask.py -> build/bdist.linux-i686/egg/cmscontrib
creating build/bdist.linux-i686/egg/cmsranking
copying build/lib.linux-i686-2.7/cmsranking/Entity.py -> build/bdist.linux-i686/egg/cmsranking
copying build/lib.linux-i686-2.7/cmsranking/RankingWebServer.py -> build/bdist.linux-i686/egg/cmsranking
copying build/lib.linux-i686-2.7/cmsranking/Subchange.py -> build/bdist.linux-i686/egg/cmsranking
copying build/lib.linux-i686-2.7/cmsranking/Scoring.py -> build/bdist.linux-i686/egg/cmsranking
copying build/lib.linux-i686-2.7/cmsranking/Contest.py -> build/bdist.linux-i686/egg/cmsranking
copying build/lib.linux-i686-2.7/cmsranking/Config.py -> build/bdist.linux-i686/egg/cmsranking
copying build/lib.linux-i686-2.7/cmsranking/User.py -> build/bdist.linux-i686/egg/cmsranking
copying build/lib.linux-i686-2.7/cmsranking/Submission.py -> build/bdist.linux-i686/egg/cmsranking
copying build/lib.linux-i686-2.7/cmsranking/__init__.py -> build/bdist.linux-i686/egg/cmsranking
copying build/lib.linux-i686-2.7/cmsranking/Logger.py -> build/bdist.linux-i686/egg/cmsranking
creating build/bdist.linux-i686/egg/cmsranking/static
copying build/lib.linux-i686-2.7/cmsranking/static/Overview.js -> build/bdist.linux-i686/egg/cmsranking/static
copying build/lib.linux-i686-2.7/cmsranking/static/HistoryStore.js -> build/bdist.linux-i686/egg/cmsranking/static
copying build/lib.linux-i686-2.7/cmsranking/static/Ranking.html -> build/bdist.linux-i686/egg/cmsranking/static
copying build/lib.linux-i686-2.7/cmsranking/static/jquery-ui.js -> build/bdist.linux-i686/egg/cmsranking/static
copying build/lib.linux-i686-2.7/cmsranking/static/Ranking.css -> build/bdist.linux-i686/egg/cmsranking/static
creating build/bdist.linux-i686/egg/cmsranking/static/img
copying build/lib.linux-i686-2.7/cmsranking/static/img/tick_white.png -> build/bdist.linux-i686/egg/cmsranking/static/img
copying build/lib.linux-i686-2.7/cmsranking/static/img/logo.png -> build/bdist.linux-i686/egg/cmsranking/static/img
copying build/lib.linux-i686-2.7/cmsranking/static/img/close.png -> build/bdist.linux-i686/egg/cmsranking/static/img
copying build/lib.linux-i686-2.7/cmsranking/static/img/face.png -> build/bdist.linux-i686/egg/cmsranking/static/img
copying build/lib.linux-i686-2.7/cmsranking/static/img/tick_black.png -> build/bdist.linux-i686/egg/cmsranking/static/img
copying build/lib.linux-i686-2.7/cmsranking/static/img/flag.png -> build/bdist.linux-i686/egg/cmsranking/static/img
copying build/lib.linux-i686-2.7/cmsranking/static/TimeView.js -> build/bdist.linux-i686/egg/cmsranking/static
copying build/lib.linux-i686-2.7/cmsranking/static/Config.js -> build/bdist.linux-i686/egg/cmsranking/static
copying build/lib.linux-i686-2.7/cmsranking/static/Ranking.html.bak -> build/bdist.linux-i686/egg/cmsranking/static
copying build/lib.linux-i686-2.7/cmsranking/static/Ranking.js -> build/bdist.linux-i686/egg/cmsranking/static
copying build/lib.linux-i686-2.7/cmsranking/static/Scoreboard.js -> build/bdist.linux-i686/egg/cmsranking/static
copying build/lib.linux-i686-2.7/cmsranking/static/jquery-ui.css -> build/bdist.linux-i686/egg/cmsranking/static
copying build/lib.linux-i686-2.7/cmsranking/static/TeamSearch.js -> build/bdist.linux-i686/egg/cmsranking/static
copying build/lib.linux-i686-2.7/cmsranking/static/Chart.js -> build/bdist.linux-i686/egg/cmsranking/static
copying build/lib.linux-i686-2.7/cmsranking/static/DataStore.js -> build/bdist.linux-i686/egg/cmsranking/static
copying build/lib.linux-i686-2.7/cmsranking/static/UserDetail.js -> build/bdist.linux-i686/egg/cmsranking/static
creating build/bdist.linux-i686/egg/cmsranking/static/lib
copying build/lib.linux-i686-2.7/cmsranking/static/lib/explorercanvas.js -> build/bdist.linux-i686/egg/cmsranking/static/lib
copying build/lib.linux-i686-2.7/cmsranking/static/lib/eventsource.js -> build/bdist.linux-i686/egg/cmsranking/static/lib
copying build/lib.linux-i686-2.7/cmsranking/static/lib/jquery.js -> build/bdist.linux-i686/egg/cmsranking/static/lib
copying build/lib.linux-i686-2.7/cmsranking/static/lib/raphael.js -> build/bdist.linux-i686/egg/cmsranking/static/lib
copying build/lib.linux-i686-2.7/cmsranking/Store.py -> build/bdist.linux-i686/egg/cmsranking
copying build/lib.linux-i686-2.7/cmsranking/Task.py -> build/bdist.linux-i686/egg/cmsranking
copying build/lib.linux-i686-2.7/cmsranking/Team.py -> build/bdist.linux-i686/egg/cmsranking
creating build/bdist.linux-i686/egg/cms
creating build/bdist.linux-i686/egg/cms/service
copying build/lib.linux-i686-2.7/cms/service/Checker.py -> build/bdist.linux-i686/egg/cms/service
copying build/lib.linux-i686-2.7/cms/service/ProxyService.py -> build/bdist.linux-i686/egg/cms/service
copying build/lib.linux-i686-2.7/cms/service/__init__.py -> build/bdist.linux-i686/egg/cms/service
copying build/lib.linux-i686-2.7/cms/service/EvaluationService.py -> build/bdist.linux-i686/egg/cms/service
copying build/lib.linux-i686-2.7/cms/service/ResourceService.py -> build/bdist.linux-i686/egg/cms/service
copying build/lib.linux-i686-2.7/cms/service/Worker.py -> build/bdist.linux-i686/egg/cms/service
copying build/lib.linux-i686-2.7/cms/service/ScoringService.py -> build/bdist.linux-i686/egg/cms/service
copying build/lib.linux-i686-2.7/cms/service/LogService.py -> build/bdist.linux-i686/egg/cms/service
copying build/lib.linux-i686-2.7/cms/conf.py -> build/bdist.linux-i686/egg/cms
creating build/bdist.linux-i686/egg/cms/grading
creating build/bdist.linux-i686/egg/cms/grading/tasktypes
copying build/lib.linux-i686-2.7/cms/grading/tasktypes/Communication.py -> build/bdist.linux-i686/egg/cms/grading/tasktypes
copying build/lib.linux-i686-2.7/cms/grading/tasktypes/Batch.py -> build/bdist.linux-i686/egg/cms/grading/tasktypes
copying build/lib.linux-i686-2.7/cms/grading/tasktypes/TwoSteps.py -> build/bdist.linux-i686/egg/cms/grading/tasktypes
copying build/lib.linux-i686-2.7/cms/grading/tasktypes/OutputOnly.py -> build/bdist.linux-i686/egg/cms/grading/tasktypes
copying build/lib.linux-i686-2.7/cms/grading/tasktypes/__init__.py -> build/bdist.linux-i686/egg/cms/grading/tasktypes
copying build/lib.linux-i686-2.7/cms/grading/Job.py -> build/bdist.linux-i686/egg/cms/grading
copying build/lib.linux-i686-2.7/cms/grading/TaskType.py -> build/bdist.linux-i686/egg/cms/grading
copying build/lib.linux-i686-2.7/cms/grading/ScoreType.py -> build/bdist.linux-i686/egg/cms/grading
copying build/lib.linux-i686-2.7/cms/grading/__init__.py -> build/bdist.linux-i686/egg/cms/grading
copying build/lib.linux-i686-2.7/cms/grading/ParameterTypes.py -> build/bdist.linux-i686/egg/cms/grading
copying build/lib.linux-i686-2.7/cms/grading/Sandbox.py -> build/bdist.linux-i686/egg/cms/grading
creating build/bdist.linux-i686/egg/cms/grading/scoretypes
copying build/lib.linux-i686-2.7/cms/grading/scoretypes/GroupMul.py -> build/bdist.linux-i686/egg/cms/grading/scoretypes
copying build/lib.linux-i686-2.7/cms/grading/scoretypes/GroupMin.py -> build/bdist.linux-i686/egg/cms/grading/scoretypes
copying build/lib.linux-i686-2.7/cms/grading/scoretypes/GroupThreshold.py -> build/bdist.linux-i686/egg/cms/grading/scoretypes
copying build/lib.linux-i686-2.7/cms/grading/scoretypes/__init__.py -> build/bdist.linux-i686/egg/cms/grading/scoretypes
copying build/lib.linux-i686-2.7/cms/grading/scoretypes/Sum.py -> build/bdist.linux-i686/egg/cms/grading/scoretypes
creating build/bdist.linux-i686/egg/cms/io
copying build/lib.linux-i686-2.7/cms/io/web_rpc.py -> build/bdist.linux-i686/egg/cms/io
copying build/lib.linux-i686-2.7/cms/io/service.py -> build/bdist.linux-i686/egg/cms/io
copying build/lib.linux-i686-2.7/cms/io/rpc.py -> build/bdist.linux-i686/egg/cms/io
copying build/lib.linux-i686-2.7/cms/io/web_service.py -> build/bdist.linux-i686/egg/cms/io
copying build/lib.linux-i686-2.7/cms/io/__init__.py -> build/bdist.linux-i686/egg/cms/io
copying build/lib.linux-i686-2.7/cms/io/GeventUtils.py -> build/bdist.linux-i686/egg/cms/io
copying build/lib.linux-i686-2.7/cms/io/PsycoGevent.py -> build/bdist.linux-i686/egg/cms/io
copying build/lib.linux-i686-2.7/cms/log.py -> build/bdist.linux-i686/egg/cms
copying build/lib.linux-i686-2.7/cms/plugin.py -> build/bdist.linux-i686/egg/cms
creating build/bdist.linux-i686/egg/cms/db
copying build/lib.linux-i686-2.7/cms/db/submission.py -> build/bdist.linux-i686/egg/cms/db
copying build/lib.linux-i686-2.7/cms/db/task.py -> build/bdist.linux-i686/egg/cms/db
copying build/lib.linux-i686-2.7/cms/db/fsobject.py -> build/bdist.linux-i686/egg/cms/db
copying build/lib.linux-i686-2.7/cms/db/init.py -> build/bdist.linux-i686/egg/cms/db
copying build/lib.linux-i686-2.7/cms/db/drop.py -> build/bdist.linux-i686/egg/cms/db
copying build/lib.linux-i686-2.7/cms/db/types.py -> build/bdist.linux-i686/egg/cms/db
copying build/lib.linux-i686-2.7/cms/db/util.py -> build/bdist.linux-i686/egg/cms/db
copying build/lib.linux-i686-2.7/cms/db/usertest.py -> build/bdist.linux-i686/egg/cms/db
copying build/lib.linux-i686-2.7/cms/db/base.py -> build/bdist.linux-i686/egg/cms/db
copying build/lib.linux-i686-2.7/cms/db/__init__.py -> build/bdist.linux-i686/egg/cms/db
copying build/lib.linux-i686-2.7/cms/db/smartmappedcollection.py -> build/bdist.linux-i686/egg/cms/db
copying build/lib.linux-i686-2.7/cms/db/filecacher.py -> build/bdist.linux-i686/egg/cms/db
copying build/lib.linux-i686-2.7/cms/db/user.py -> build/bdist.linux-i686/egg/cms/db
copying build/lib.linux-i686-2.7/cms/db/contest.py -> build/bdist.linux-i686/egg/cms/db
copying build/lib.linux-i686-2.7/cms/db/session.py -> build/bdist.linux-i686/egg/cms/db
copying build/lib.linux-i686-2.7/cms/util.py -> build/bdist.linux-i686/egg/cms
copying build/lib.linux-i686-2.7/cms/__init__.py -> build/bdist.linux-i686/egg/cms
creating build/bdist.linux-i686/egg/cms/server
copying build/lib.linux-i686-2.7/cms/server/ContestWebServer.py -> build/bdist.linux-i686/egg/cms/server
copying build/lib.linux-i686-2.7/cms/server/__init__.py -> build/bdist.linux-i686/egg/cms/server
creating build/bdist.linux-i686/egg/cms/server/templates
creating build/bdist.linux-i686/egg/cms/server/templates/contest
copying build/lib.linux-i686-2.7/cms/server/templates/contest/submission_row.html -> build/bdist.linux-i686/egg/cms/server/templates/contest
copying build/lib.linux-i686-2.7/cms/server/templates/contest/user_test_row_.html -> build/bdist.linux-i686/egg/cms/server/templates/contest
copying build/lib.linux-i686-2.7/cms/server/templates/contest/task_description.html -> build/bdist.linux-i686/egg/cms/server/templates/contest
copying build/lib.linux-i686-2.7/cms/server/templates/contest/user_test_details.html -> build/bdist.linux-i686/egg/cms/server/templates/contest
copying build/lib.linux-i686-2.7/cms/server/templates/contest/communication.html -> build/bdist.linux-i686/egg/cms/server/templates/contest
copying build/lib.linux-i686-2.7/cms/server/templates/contest/test_interface_.html -> build/bdist.linux-i686/egg/cms/server/templates/contest
copying build/lib.linux-i686-2.7/cms/server/templates/contest/documentation.html -> build/bdist.linux-i686/egg/cms/server/templates/contest
copying build/lib.linux-i686-2.7/cms/server/templates/contest/base.html -> build/bdist.linux-i686/egg/cms/server/templates/contest
copying build/lib.linux-i686-2.7/cms/server/templates/contest/overview.html -> build/bdist.linux-i686/egg/cms/server/templates/contest
copying build/lib.linux-i686-2.7/cms/server/templates/contest/task_submissions.html -> build/bdist.linux-i686/egg/cms/server/templates/contest
copying build/lib.linux-i686-2.7/cms/server/templates/contest/submission_column.html -> build/bdist.linux-i686/egg/cms/server/templates/contest
copying build/lib.linux-i686-2.7/cms/server/templates/contest/error.html -> build/bdist.linux-i686/egg/cms/server/templates/contest
copying build/lib.linux-i686-2.7/cms/server/templates/contest/user_test_details_.html -> build/bdist.linux-i686/egg/cms/server/templates/contest
copying build/lib.linux-i686-2.7/cms/server/templates/contest/user_test_row.html -> build/bdist.linux-i686/egg/cms/server/templates/contest
copying build/lib.linux-i686-2.7/cms/server/templates/contest/submission_details.html -> build/bdist.linux-i686/egg/cms/server/templates/contest
copying build/lib.linux-i686-2.7/cms/server/templates/contest/test_interface.html -> build/bdist.linux-i686/egg/cms/server/templates/contest
creating build/bdist.linux-i686/egg/cms/server/templates/admin
copying build/lib.linux-i686-2.7/cms/server/templates/admin/add_testcase.html -> build/bdist.linux-i686/egg/cms/server/templates/admin
copying build/lib.linux-i686-2.7/cms/server/templates/admin/ranking.txt -> build/bdist.linux-i686/egg/cms/server/templates/admin
copying build/lib.linux-i686-2.7/cms/server/templates/admin/ranking.html -> build/bdist.linux-i686/egg/cms/server/templates/admin
copying build/lib.linux-i686-2.7/cms/server/templates/admin/delete_dataset.html -> build/bdist.linux-i686/egg/cms/server/templates/admin
copying build/lib.linux-i686-2.7/cms/server/templates/admin/ranking.csv -> build/bdist.linux-i686/egg/cms/server/templates/admin
copying build/lib.linux-i686-2.7/cms/server/templates/admin/add_attachment.html -> build/bdist.linux-i686/egg/cms/server/templates/admin
copying build/lib.linux-i686-2.7/cms/server/templates/admin/dataset_selector.html -> build/bdist.linux-i686/egg/cms/server/templates/admin
copying build/lib.linux-i686-2.7/cms/server/templates/admin/userlist.html -> build/bdist.linux-i686/egg/cms/server/templates/admin
copying build/lib.linux-i686-2.7/cms/server/templates/admin/task.html -> build/bdist.linux-i686/egg/cms/server/templates/admin
copying build/lib.linux-i686-2.7/cms/server/templates/admin/add_manager.html -> build/bdist.linux-i686/egg/cms/server/templates/admin
copying build/lib.linux-i686-2.7/cms/server/templates/admin/activate_dataset.html -> build/bdist.linux-i686/egg/cms/server/templates/admin
copying build/lib.linux-i686-2.7/cms/server/templates/admin/welcome.html -> build/bdist.linux-i686/egg/cms/server/templates/admin
copying build/lib.linux-i686-2.7/cms/server/templates/admin/reevaluation_buttons.html -> build/bdist.linux-i686/egg/cms/server/templates/admin
copying build/lib.linux-i686-2.7/cms/server/templates/admin/questions.html -> build/bdist.linux-i686/egg/cms/server/templates/admin
copying build/lib.linux-i686-2.7/cms/server/templates/admin/base.html -> build/bdist.linux-i686/egg/cms/server/templates/admin
copying build/lib.linux-i686-2.7/cms/server/templates/admin/tasklist.html -> build/bdist.linux-i686/egg/cms/server/templates/admin
copying build/lib.linux-i686-2.7/cms/server/templates/admin/add_contest.html -> build/bdist.linux-i686/egg/cms/server/templates/admin
copying build/lib.linux-i686-2.7/cms/server/templates/admin/add_user.html -> build/bdist.linux-i686/egg/cms/server/templates/admin
copying build/lib.linux-i686-2.7/cms/server/templates/admin/error.html -> build/bdist.linux-i686/egg/cms/server/templates/admin
copying build/lib.linux-i686-2.7/cms/server/templates/admin/announcements.html -> build/bdist.linux-i686/egg/cms/server/templates/admin
copying build/lib.linux-i686-2.7/cms/server/templates/admin/resourceslist.html -> build/bdist.linux-i686/egg/cms/server/templates/admin
copying build/lib.linux-i686-2.7/cms/server/templates/admin/add_task.html -> build/bdist.linux-i686/egg/cms/server/templates/admin
copying build/lib.linux-i686-2.7/cms/server/templates/admin/add_statement.html -> build/bdist.linux-i686/egg/cms/server/templates/admin
copying build/lib.linux-i686-2.7/cms/server/templates/admin/rename_dataset.html -> build/bdist.linux-i686/egg/cms/server/templates/admin
copying build/lib.linux-i686-2.7/cms/server/templates/admin/user.html -> build/bdist.linux-i686/egg/cms/server/templates/admin
copying build/lib.linux-i686-2.7/cms/server/templates/admin/submission.html -> build/bdist.linux-i686/egg/cms/server/templates/admin
copying build/lib.linux-i686-2.7/cms/server/templates/admin/resources.html -> build/bdist.linux-i686/egg/cms/server/templates/admin
copying build/lib.linux-i686-2.7/cms/server/templates/admin/add_testcases.html -> build/bdist.linux-i686/egg/cms/server/templates/admin
copying build/lib.linux-i686-2.7/cms/server/templates/admin/submissionlist.html -> build/bdist.linux-i686/egg/cms/server/templates/admin
copying build/lib.linux-i686-2.7/cms/server/templates/admin/add_dataset.html -> build/bdist.linux-i686/egg/cms/server/templates/admin
copying build/lib.linux-i686-2.7/cms/server/templates/admin/contest.html -> build/bdist.linux-i686/egg/cms/server/templates/admin
creating build/bdist.linux-i686/egg/cms/server/static
copying build/lib.linux-i686-2.7/cms/server/static/aws_style.css -> build/bdist.linux-i686/egg/cms/server/static
copying build/lib.linux-i686-2.7/cms/server/static/cws_style.css -> build/bdist.linux-i686/egg/cms/server/static
copying build/lib.linux-i686-2.7/cms/server/static/aws_utils.js -> build/bdist.linux-i686/egg/cms/server/static
copying build/lib.linux-i686-2.7/cms/server/static/loading.gif -> build/bdist.linux-i686/egg/cms/server/static
copying build/lib.linux-i686-2.7/cms/server/static/favicon.ico -> build/bdist.linux-i686/egg/cms/server/static
copying build/lib.linux-i686-2.7/cms/server/static/cws_utils.js -> build/bdist.linux-i686/egg/cms/server/static
creating build/bdist.linux-i686/egg/cms/server/static/sh
copying build/lib.linux-i686-2.7/cms/server/static/sh/shThemeDefault.css -> build/bdist.linux-i686/egg/cms/server/static/sh
copying build/lib.linux-i686-2.7/cms/server/static/sh/shBrushDelphi.js -> build/bdist.linux-i686/egg/cms/server/static/sh
copying build/lib.linux-i686-2.7/cms/server/static/sh/shCore.css -> build/bdist.linux-i686/egg/cms/server/static/sh
copying build/lib.linux-i686-2.7/cms/server/static/sh/shCore.js -> build/bdist.linux-i686/egg/cms/server/static/sh
copying build/lib.linux-i686-2.7/cms/server/static/sh/shBrushCpp.js -> build/bdist.linux-i686/egg/cms/server/static/sh
creating build/bdist.linux-i686/egg/cms/server/static/css
copying build/lib.linux-i686-2.7/cms/server/static/css/spacelab.css -> build/bdist.linux-i686/egg/cms/server/static/css
copying build/lib.linux-i686-2.7/cms/server/static/css/readable.css -> build/bdist.linux-i686/egg/cms/server/static/css
copying build/lib.linux-i686-2.7/cms/server/static/css/cerulean.css -> build/bdist.linux-i686/egg/cms/server/static/css
copying build/lib.linux-i686-2.7/cms/server/static/css/flatly.css -> build/bdist.linux-i686/egg/cms/server/static/css
copying build/lib.linux-i686-2.7/cms/server/static/css/bootstrap-sortable.css -> build/bdist.linux-i686/egg/cms/server/static/css
copying build/lib.linux-i686-2.7/cms/server/static/css/bootstrap___.css -> build/bdist.linux-i686/egg/cms/server/static/css
copying build/lib.linux-i686-2.7/cms/server/static/css/get.sh -> build/bdist.linux-i686/egg/cms/server/static/css
copying build/lib.linux-i686-2.7/cms/server/static/css/ken.css -> build/bdist.linux-i686/egg/cms/server/static/css
copying build/lib.linux-i686-2.7/cms/server/static/css/journal.css -> build/bdist.linux-i686/egg/cms/server/static/css
copying build/lib.linux-i686-2.7/cms/server/static/css/slate.css -> build/bdist.linux-i686/egg/cms/server/static/css
copying build/lib.linux-i686-2.7/cms/server/static/css/cosmo.css -> build/bdist.linux-i686/egg/cms/server/static/css
copying build/lib.linux-i686-2.7/cms/server/static/css/bootstrap.min.css -> build/bdist.linux-i686/egg/cms/server/static/css
copying build/lib.linux-i686-2.7/cms/server/static/css/bootstrap.css -> build/bdist.linux-i686/egg/cms/server/static/css
copying build/lib.linux-i686-2.7/cms/server/static/css/bootstrap_.css -> build/bdist.linux-i686/egg/cms/server/static/css
copying build/lib.linux-i686-2.7/cms/server/static/css/cyborg.css -> build/bdist.linux-i686/egg/cms/server/static/css
creating build/bdist.linux-i686/egg/cms/server/static/img
copying build/lib.linux-i686-2.7/cms/server/static/img/glyphicons-halflings-white.png -> build/bdist.linux-i686/egg/cms/server/static/img
creating build/bdist.linux-i686/egg/cms/server/static/img/mimetypes
copying build/lib.linux-i686-2.7/cms/server/static/img/mimetypes/video-x-generic.png -> build/bdist.linux-i686/egg/cms/server/static/img/mimetypes
copying build/lib.linux-i686-2.7/cms/server/static/img/mimetypes/text-x-generic-template.png -> build/bdist.linux-i686/egg/cms/server/static/img/mimetypes
copying build/lib.linux-i686-2.7/cms/server/static/img/mimetypes/application-x-executable.png -> build/bdist.linux-i686/egg/cms/server/static/img/mimetypes
copying build/lib.linux-i686-2.7/cms/server/static/img/mimetypes/image-x-generic.png -> build/bdist.linux-i686/egg/cms/server/static/img/mimetypes
copying build/lib.linux-i686-2.7/cms/server/static/img/mimetypes/x-office-document.png -> build/bdist.linux-i686/egg/cms/server/static/img/mimetypes
copying build/lib.linux-i686-2.7/cms/server/static/img/mimetypes/audio-x-generic.png -> build/bdist.linux-i686/egg/cms/server/static/img/mimetypes
copying build/lib.linux-i686-2.7/cms/server/static/img/mimetypes/text-x-generic.png -> build/bdist.linux-i686/egg/cms/server/static/img/mimetypes
copying build/lib.linux-i686-2.7/cms/server/static/img/mimetypes/x-office-spreadsheet.png -> build/bdist.linux-i686/egg/cms/server/static/img/mimetypes
copying build/lib.linux-i686-2.7/cms/server/static/img/mimetypes/package-x-generic.png -> build/bdist.linux-i686/egg/cms/server/static/img/mimetypes
copying build/lib.linux-i686-2.7/cms/server/static/img/mimetypes/x-office-calendar.png -> build/bdist.linux-i686/egg/cms/server/static/img/mimetypes
copying build/lib.linux-i686-2.7/cms/server/static/img/mimetypes/x-office-address-book.png -> build/bdist.linux-i686/egg/cms/server/static/img/mimetypes
copying build/lib.linux-i686-2.7/cms/server/static/img/mimetypes/text-x-script.png -> build/bdist.linux-i686/egg/cms/server/static/img/mimetypes
copying build/lib.linux-i686-2.7/cms/server/static/img/mimetypes/unknown.png -> build/bdist.linux-i686/egg/cms/server/static/img/mimetypes
copying build/lib.linux-i686-2.7/cms/server/static/img/mimetypes/text-html.png -> build/bdist.linux-i686/egg/cms/server/static/img/mimetypes
copying build/lib.linux-i686-2.7/cms/server/static/img/mimetypes/font-x-generic.png -> build/bdist.linux-i686/egg/cms/server/static/img/mimetypes
copying build/lib.linux-i686-2.7/cms/server/static/img/mimetypes/x-office-presentation.png -> build/bdist.linux-i686/egg/cms/server/static/img/mimetypes
copying build/lib.linux-i686-2.7/cms/server/static/img/glyphicons-halflings.png -> build/bdist.linux-i686/egg/cms/server/static/img
copying build/lib.linux-i686-2.7/cms/server/static/web_rpc.js -> build/bdist.linux-i686/egg/cms/server/static
creating build/bdist.linux-i686/egg/cms/server/static/jq
copying build/lib.linux-i686-2.7/cms/server/static/jq/jquery-1.11.2.min.js -> build/bdist.linux-i686/egg/cms/server/static/jq
copying build/lib.linux-i686-2.7/cms/server/static/jq/jquery-1.7.1.min.js -> build/bdist.linux-i686/egg/cms/server/static/jq
copying build/lib.linux-i686-2.7/cms/server/static/jq/jquery.jqplot.min.css -> build/bdist.linux-i686/egg/cms/server/static/jq
copying build/lib.linux-i686-2.7/cms/server/static/jq/jqplot.dateAxisRenderer.min.js -> build/bdist.linux-i686/egg/cms/server/static/jq
copying build/lib.linux-i686-2.7/cms/server/static/jq/jquery.jqplot.min.js -> build/bdist.linux-i686/egg/cms/server/static/jq
copying build/lib.linux-i686-2.7/cms/server/static/jq/jqplot.enhancedLegendRenderer.min.js -> build/bdist.linux-i686/egg/cms/server/static/jq
copying build/lib.linux-i686-2.7/cms/server/static/reset.css -> build/bdist.linux-i686/egg/cms/server/static
creating build/bdist.linux-i686/egg/cms/server/static/js
copying build/lib.linux-i686-2.7/cms/server/static/js/bootstrap-sortable.js -> build/bdist.linux-i686/egg/cms/server/static/js
copying build/lib.linux-i686-2.7/cms/server/static/js/bootstrap.js -> build/bdist.linux-i686/egg/cms/server/static/js
copying build/lib.linux-i686-2.7/cms/server/static/js/bootstrap_.js -> build/bdist.linux-i686/egg/cms/server/static/js
copying build/lib.linux-i686-2.7/cms/server/static/js/bootstrap.css -> build/bdist.linux-i686/egg/cms/server/static/js
copying build/lib.linux-i686-2.7/cms/server/static/js/moment.min.js -> build/bdist.linux-i686/egg/cms/server/static/js
copying build/lib.linux-i686-2.7/cms/server/AdminWebServer.py -> build/bdist.linux-i686/egg/cms/server
creating build/bdist.linux-i686/egg/cmscompat
copying build/lib.linux-i686-2.7/cmscompat/YamlImporter.py -> build/bdist.linux-i686/egg/cmscompat
copying build/lib.linux-i686-2.7/cmscompat/__init__.py -> build/bdist.linux-i686/egg/cmscompat
copying build/lib.linux-i686-2.7/cmscompat/YamlReimporter.py -> build/bdist.linux-i686/egg/cmscompat
byte-compiling build/bdist.linux-i686/egg/cmstaskenv/cmsMake.py to cmsMake.pyc
byte-compiling build/bdist.linux-i686/egg/cmstaskenv/__init__.py to __init__.pyc
byte-compiling build/bdist.linux-i686/egg/cmstaskenv/Test.py to Test.pyc
byte-compiling build/bdist.linux-i686/egg/cmscommon/datetime.py to datetime.pyc
byte-compiling build/bdist.linux-i686/egg/cmscommon/__init__.py to __init__.pyc
byte-compiling build/bdist.linux-i686/egg/cmscommon/isocodes.py to isocodes.pyc
byte-compiling build/bdist.linux-i686/egg/cmscommon/eventsource.py to eventsource.pyc
byte-compiling build/bdist.linux-i686/egg/cmscommon/mimetypes.py to mimetypes.pyc
byte-compiling build/bdist.linux-i686/egg/cmscommon/crypto.py to crypto.pyc
byte-compiling build/bdist.linux-i686/egg/cmstestsuite/ReplayContest.py to ReplayContest.pyc
byte-compiling build/bdist.linux-i686/egg/cmstestsuite/code/nonzero-return-stdio.py to nonzero-return-stdio.pyc
byte-compiling build/bdist.linux-i686/egg/cmstestsuite/code/oom-heap.py to oom-heap.pyc
byte-compiling build/bdist.linux-i686/egg/cmstestsuite/code/half-correct-fileio.py to half-correct-fileio.pyc
byte-compiling build/bdist.linux-i686/egg/cmstestsuite/code/compile-fail.py to compile-fail.pyc
byte-compiling build/bdist.linux-i686/egg/cmstestsuite/code/correct-fileio.py to correct-fileio.pyc
byte-compiling build/bdist.linux-i686/egg/cmstestsuite/code/incorrect-fileio-with-stdio.py to incorrect-fileio-with-stdio.pyc
byte-compiling build/bdist.linux-i686/egg/cmstestsuite/code/timeout-cputime.py to timeout-cputime.pyc
byte-compiling build/bdist.linux-i686/egg/cmstestsuite/code/incorrect-stdio.py to incorrect-stdio.pyc
byte-compiling build/bdist.linux-i686/egg/cmstestsuite/code/half-correct-stdio.py to half-correct-stdio.pyc
byte-compiling build/bdist.linux-i686/egg/cmstestsuite/code/incorrect-fileio.py to incorrect-fileio.pyc
byte-compiling build/bdist.linux-i686/egg/cmstestsuite/code/nonzero-return-fileio.py to nonzero-return-fileio.pyc
byte-compiling build/bdist.linux-i686/egg/cmstestsuite/code/correct-stdio.py to correct-stdio.pyc
byte-compiling build/bdist.linux-i686/egg/cmstestsuite/StressTest.py to StressTest.pyc
byte-compiling build/bdist.linux-i686/egg/cmstestsuite/ReplayContestFromAdapter.py to ReplayContestFromAdapter.pyc
byte-compiling build/bdist.linux-i686/egg/cmstestsuite/__init__.py to __init__.pyc
byte-compiling build/bdist.linux-i686/egg/cmstestsuite/AdaptContest.py to AdaptContest.pyc
byte-compiling build/bdist.linux-i686/egg/cmstestsuite/RunTests.py to RunTests.pyc
byte-compiling build/bdist.linux-i686/egg/cmstestsuite/tasks/batch_fileio_managed/__init__.py to __init__.pyc
byte-compiling build/bdist.linux-i686/egg/cmstestsuite/tasks/communication/__init__.py to __init__.pyc
byte-compiling build/bdist.linux-i686/egg/cmstestsuite/tasks/batch_fileio/__init__.py to __init__.pyc
byte-compiling build/bdist.linux-i686/egg/cmstestsuite/tasks/__init__.py to __init__.pyc
byte-compiling build/bdist.linux-i686/egg/cmstestsuite/tasks/batch_stdio/__init__.py to __init__.pyc
byte-compiling build/bdist.linux-i686/egg/cmstestsuite/TestCleanCheckout.py to TestCleanCheckout.pyc
byte-compiling build/bdist.linux-i686/egg/cmstestsuite/Submit.py to Submit.pyc
byte-compiling build/bdist.linux-i686/egg/cmstestsuite/Tests.py to Tests.pyc
byte-compiling build/bdist.linux-i686/egg/cmstestsuite/Test.py to Test.pyc
byte-compiling build/bdist.linux-i686/egg/cmstestsuite/RunFunctionalTests.py to RunFunctionalTests.pyc
byte-compiling build/bdist.linux-i686/egg/cmstestsuite/TestService.py to TestService.pyc
byte-compiling build/bdist.linux-i686/egg/cmstestsuite/RunUnitTests.py to RunUnitTests.pyc
byte-compiling build/bdist.linux-i686/egg/cmstestsuite/web/AWSRequests.py to AWSRequests.pyc
byte-compiling build/bdist.linux-i686/egg/cmstestsuite/web/__init__.py to __init__.pyc
byte-compiling build/bdist.linux-i686/egg/cmstestsuite/web/CWSRequests.py to CWSRequests.pyc
byte-compiling build/bdist.linux-i686/egg/cmscontrib/Importer.py to Importer.pyc
byte-compiling build/bdist.linux-i686/egg/cmscontrib/DumpUpdater.py to DumpUpdater.pyc
byte-compiling build/bdist.linux-i686/egg/cmscontrib/Reimporter.py to Reimporter.pyc
byte-compiling build/bdist.linux-i686/egg/cmscontrib/updaters/update_8.py to update_8.pyc
byte-compiling build/bdist.linux-i686/egg/cmscontrib/updaters/update_7.py to update_7.pyc
byte-compiling build/bdist.linux-i686/egg/cmscontrib/updaters/update_4.py to update_4.pyc
byte-compiling build/bdist.linux-i686/egg/cmscontrib/updaters/update_5.py to update_5.pyc
byte-compiling build/bdist.linux-i686/egg/cmscontrib/updaters/update_3.py to update_3.pyc
byte-compiling build/bdist.linux-i686/egg/cmscontrib/updaters/update_12.py to update_12.pyc
byte-compiling build/bdist.linux-i686/egg/cmscontrib/updaters/update_11.py to update_11.pyc
byte-compiling build/bdist.linux-i686/egg/cmscontrib/updaters/__init__.py to __init__.pyc
byte-compiling build/bdist.linux-i686/egg/cmscontrib/updaters/update_10.py to update_10.pyc
byte-compiling build/bdist.linux-i686/egg/cmscontrib/updaters/update_6.py to update_6.pyc
byte-compiling build/bdist.linux-i686/egg/cmscontrib/updaters/update_2.py to update_2.pyc
byte-compiling build/bdist.linux-i686/egg/cmscontrib/updaters/update_9.py to update_9.pyc
byte-compiling build/bdist.linux-i686/egg/cmscontrib/updaters/update_1.py to update_1.pyc
byte-compiling build/bdist.linux-i686/egg/cmscontrib/RemoveUser.py to RemoveUser.pyc
byte-compiling build/bdist.linux-i686/egg/cmscontrib/ComputeComplexity.py to ComputeComplexity.pyc
byte-compiling build/bdist.linux-i686/egg/cmscontrib/AddUser.py to AddUser.pyc
byte-compiling build/bdist.linux-i686/egg/cmscontrib/SpoolExporter.py to SpoolExporter.pyc
byte-compiling build/bdist.linux-i686/egg/cmscontrib/ContestExporter.py to ContestExporter.pyc
byte-compiling build/bdist.linux-i686/egg/cmscontrib/BaseLoader.py to BaseLoader.pyc
byte-compiling build/bdist.linux-i686/egg/cmscontrib/Loaders.py to Loaders.pyc
byte-compiling build/bdist.linux-i686/egg/cmscontrib/YamlLoader.py to YamlLoader.pyc
byte-compiling build/bdist.linux-i686/egg/cmscontrib/__init__.py to __init__.pyc
byte-compiling build/bdist.linux-i686/egg/cmscontrib/ComputeComplexityLengtherExample.py to ComputeComplexityLengtherExample.pyc
byte-compiling build/bdist.linux-i686/egg/cmscontrib/RWSHelper.py to RWSHelper.pyc
byte-compiling build/bdist.linux-i686/egg/cmscontrib/ContestImporter.py to ContestImporter.pyc
byte-compiling build/bdist.linux-i686/egg/cmscontrib/RemoveTask.py to RemoveTask.pyc
byte-compiling build/bdist.linux-i686/egg/cmsranking/Entity.py to Entity.pyc
byte-compiling build/bdist.linux-i686/egg/cmsranking/RankingWebServer.py to RankingWebServer.pyc
byte-compiling build/bdist.linux-i686/egg/cmsranking/Subchange.py to Subchange.pyc
byte-compiling build/bdist.linux-i686/egg/cmsranking/Scoring.py to Scoring.pyc
byte-compiling build/bdist.linux-i686/egg/cmsranking/Contest.py to Contest.pyc
byte-compiling build/bdist.linux-i686/egg/cmsranking/Config.py to Config.pyc
byte-compiling build/bdist.linux-i686/egg/cmsranking/User.py to User.pyc
byte-compiling build/bdist.linux-i686/egg/cmsranking/Submission.py to Submission.pyc
byte-compiling build/bdist.linux-i686/egg/cmsranking/__init__.py to __init__.pyc
byte-compiling build/bdist.linux-i686/egg/cmsranking/Logger.py to Logger.pyc
byte-compiling build/bdist.linux-i686/egg/cmsranking/Store.py to Store.pyc
byte-compiling build/bdist.linux-i686/egg/cmsranking/Task.py to Task.pyc
byte-compiling build/bdist.linux-i686/egg/cmsranking/Team.py to Team.pyc
byte-compiling build/bdist.linux-i686/egg/cms/service/Checker.py to Checker.pyc
byte-compiling build/bdist.linux-i686/egg/cms/service/ProxyService.py to ProxyService.pyc
byte-compiling build/bdist.linux-i686/egg/cms/service/__init__.py to __init__.pyc
byte-compiling build/bdist.linux-i686/egg/cms/service/EvaluationService.py to EvaluationService.pyc
byte-compiling build/bdist.linux-i686/egg/cms/service/ResourceService.py to ResourceService.pyc
byte-compiling build/bdist.linux-i686/egg/cms/service/Worker.py to Worker.pyc
byte-compiling build/bdist.linux-i686/egg/cms/service/ScoringService.py to ScoringService.pyc
byte-compiling build/bdist.linux-i686/egg/cms/service/LogService.py to LogService.pyc
byte-compiling build/bdist.linux-i686/egg/cms/conf.py to conf.pyc
byte-compiling build/bdist.linux-i686/egg/cms/grading/tasktypes/Communication.py to Communication.pyc
byte-compiling build/bdist.linux-i686/egg/cms/grading/tasktypes/Batch.py to Batch.pyc
byte-compiling build/bdist.linux-i686/egg/cms/grading/tasktypes/TwoSteps.py to TwoSteps.pyc
byte-compiling build/bdist.linux-i686/egg/cms/grading/tasktypes/OutputOnly.py to OutputOnly.pyc
byte-compiling build/bdist.linux-i686/egg/cms/grading/tasktypes/__init__.py to __init__.pyc
byte-compiling build/bdist.linux-i686/egg/cms/grading/Job.py to Job.pyc
byte-compiling build/bdist.linux-i686/egg/cms/grading/TaskType.py to TaskType.pyc
byte-compiling build/bdist.linux-i686/egg/cms/grading/ScoreType.py to ScoreType.pyc
byte-compiling build/bdist.linux-i686/egg/cms/grading/__init__.py to __init__.pyc
byte-compiling build/bdist.linux-i686/egg/cms/grading/ParameterTypes.py to ParameterTypes.pyc
byte-compiling build/bdist.linux-i686/egg/cms/grading/Sandbox.py to Sandbox.pyc
byte-compiling build/bdist.linux-i686/egg/cms/grading/scoretypes/GroupMul.py to GroupMul.pyc
byte-compiling build/bdist.linux-i686/egg/cms/grading/scoretypes/GroupMin.py to GroupMin.pyc
byte-compiling build/bdist.linux-i686/egg/cms/grading/scoretypes/GroupThreshold.py to GroupThreshold.pyc
byte-compiling build/bdist.linux-i686/egg/cms/grading/scoretypes/__init__.py to __init__.pyc
byte-compiling build/bdist.linux-i686/egg/cms/grading/scoretypes/Sum.py to Sum.pyc
byte-compiling build/bdist.linux-i686/egg/cms/io/web_rpc.py to web_rpc.pyc
byte-compiling build/bdist.linux-i686/egg/cms/io/service.py to service.pyc
byte-compiling build/bdist.linux-i686/egg/cms/io/rpc.py to rpc.pyc
byte-compiling build/bdist.linux-i686/egg/cms/io/web_service.py to web_service.pyc
byte-compiling build/bdist.linux-i686/egg/cms/io/__init__.py to __init__.pyc
byte-compiling build/bdist.linux-i686/egg/cms/io/GeventUtils.py to GeventUtils.pyc
byte-compiling build/bdist.linux-i686/egg/cms/io/PsycoGevent.py to PsycoGevent.pyc
byte-compiling build/bdist.linux-i686/egg/cms/log.py to log.pyc
byte-compiling build/bdist.linux-i686/egg/cms/plugin.py to plugin.pyc
byte-compiling build/bdist.linux-i686/egg/cms/db/submission.py to submission.pyc
byte-compiling build/bdist.linux-i686/egg/cms/db/task.py to task.pyc
byte-compiling build/bdist.linux-i686/egg/cms/db/fsobject.py to fsobject.pyc
byte-compiling build/bdist.linux-i686/egg/cms/db/init.py to init.pyc
byte-compiling build/bdist.linux-i686/egg/cms/db/drop.py to drop.pyc
byte-compiling build/bdist.linux-i686/egg/cms/db/types.py to types.pyc
byte-compiling build/bdist.linux-i686/egg/cms/db/util.py to util.pyc
byte-compiling build/bdist.linux-i686/egg/cms/db/usertest.py to usertest.pyc
byte-compiling build/bdist.linux-i686/egg/cms/db/base.py to base.pyc
byte-compiling build/bdist.linux-i686/egg/cms/db/__init__.py to __init__.pyc
byte-compiling build/bdist.linux-i686/egg/cms/db/smartmappedcollection.py to smartmappedcollection.pyc
byte-compiling build/bdist.linux-i686/egg/cms/db/filecacher.py to filecacher.pyc
byte-compiling build/bdist.linux-i686/egg/cms/db/user.py to user.pyc
byte-compiling build/bdist.linux-i686/egg/cms/db/contest.py to contest.pyc
byte-compiling build/bdist.linux-i686/egg/cms/db/session.py to session.pyc
byte-compiling build/bdist.linux-i686/egg/cms/util.py to util.pyc
byte-compiling build/bdist.linux-i686/egg/cms/__init__.py to __init__.pyc
byte-compiling build/bdist.linux-i686/egg/cms/server/ContestWebServer.py to ContestWebServer.pyc
byte-compiling build/bdist.linux-i686/egg/cms/server/__init__.py to __init__.pyc
byte-compiling build/bdist.linux-i686/egg/cms/server/AdminWebServer.py to AdminWebServer.pyc
byte-compiling build/bdist.linux-i686/egg/cmscompat/YamlImporter.py to YamlImporter.pyc
byte-compiling build/bdist.linux-i686/egg/cmscompat/__init__.py to __init__.pyc
byte-compiling build/bdist.linux-i686/egg/cmscompat/YamlReimporter.py to YamlReimporter.pyc
creating build/bdist.linux-i686/egg/EGG-INFO
installing scripts to build/bdist.linux-i686/egg/EGG-INFO/scripts
running install_scripts
running build_scripts
creating build/bdist.linux-i686/egg/EGG-INFO/scripts
copying build/scripts-2.7/cmsLogService -> build/bdist.linux-i686/egg/EGG-INFO/scripts
copying build/scripts-2.7/cmsContestWebServer -> build/bdist.linux-i686/egg/EGG-INFO/scripts
copying build/scripts-2.7/cmsInitDB -> build/bdist.linux-i686/egg/EGG-INFO/scripts
copying build/scripts-2.7/cmsScoringService -> build/bdist.linux-i686/egg/EGG-INFO/scripts
copying build/scripts-2.7/cmsAdminWebServer -> build/bdist.linux-i686/egg/EGG-INFO/scripts
copying build/scripts-2.7/cmsResourceService -> build/bdist.linux-i686/egg/EGG-INFO/scripts
copying build/scripts-2.7/cmsChecker -> build/bdist.linux-i686/egg/EGG-INFO/scripts
copying build/scripts-2.7/cmsDropDB -> build/bdist.linux-i686/egg/EGG-INFO/scripts
copying build/scripts-2.7/cmsEvaluationService -> build/bdist.linux-i686/egg/EGG-INFO/scripts
copying build/scripts-2.7/cmsWorker -> build/bdist.linux-i686/egg/EGG-INFO/scripts
copying build/scripts-2.7/cmsProxyService -> build/bdist.linux-i686/egg/EGG-INFO/scripts
copying build/scripts-2.7/cmsRankingWebServer -> build/bdist.linux-i686/egg/EGG-INFO/scripts
changing mode of build/bdist.linux-i686/egg/EGG-INFO/scripts/cmsLogService to 775
changing mode of build/bdist.linux-i686/egg/EGG-INFO/scripts/cmsContestWebServer to 775
changing mode of build/bdist.linux-i686/egg/EGG-INFO/scripts/cmsInitDB to 775
changing mode of build/bdist.linux-i686/egg/EGG-INFO/scripts/cmsScoringService to 775
changing mode of build/bdist.linux-i686/egg/EGG-INFO/scripts/cmsAdminWebServer to 775
changing mode of build/bdist.linux-i686/egg/EGG-INFO/scripts/cmsResourceService to 775
changing mode of build/bdist.linux-i686/egg/EGG-INFO/scripts/cmsChecker to 775
changing mode of build/bdist.linux-i686/egg/EGG-INFO/scripts/cmsDropDB to 775
changing mode of build/bdist.linux-i686/egg/EGG-INFO/scripts/cmsEvaluationService to 775
changing mode of build/bdist.linux-i686/egg/EGG-INFO/scripts/cmsWorker to 775
changing mode of build/bdist.linux-i686/egg/EGG-INFO/scripts/cmsProxyService to 775
changing mode of build/bdist.linux-i686/egg/EGG-INFO/scripts/cmsRankingWebServer to 775
copying cms.egg-info/PKG-INFO -> build/bdist.linux-i686/egg/EGG-INFO
copying cms.egg-info/SOURCES.txt -> build/bdist.linux-i686/egg/EGG-INFO
copying cms.egg-info/dependency_links.txt -> build/bdist.linux-i686/egg/EGG-INFO
copying cms.egg-info/entry_points.txt -> build/bdist.linux-i686/egg/EGG-INFO
copying cms.egg-info/top_level.txt -> build/bdist.linux-i686/egg/EGG-INFO
creating 'dist/cms-1.1.0-py2.7.egg' and adding 'build/bdist.linux-i686/egg' to it
removing 'build/bdist.linux-i686/egg' (and everything under it)
Processing cms-1.1.0-py2.7.egg
removing '/usr/local/lib/python2.7/dist-packages/cms-1.1.0-py2.7.egg' (and everything under it)
creating /usr/local/lib/python2.7/dist-packages/cms-1.1.0-py2.7.egg
Extracting cms-1.1.0-py2.7.egg to /usr/local/lib/python2.7/dist-packages
cms 1.1.0 is already the active version in easy-install.pth
Installing cmsResourceService script to /usr/local/bin
Installing cmsLogService script to /usr/local/bin
Installing cmsRankingWebServer script to /usr/local/bin
Installing cmsContestWebServer script to /usr/local/bin
Installing cmsAdminWebServer script to /usr/local/bin
Installing cmsEvaluationService script to /usr/local/bin
Installing cmsWorker script to /usr/local/bin
Installing cmsScoringService script to /usr/local/bin
Installing cmsDropDB script to /usr/local/bin
Installing cmsInitDB script to /usr/local/bin
Installing cmsChecker script to /usr/local/bin
Installing cmsProxyService script to /usr/local/bin
Installing cmsReimporter script to /usr/local/bin
Installing cmsSpoolExporter script to /usr/local/bin
Installing cmsYamlImporter script to /usr/local/bin
Installing cmsAdaptContest script to /usr/local/bin
Installing cmsRemoveTask script to /usr/local/bin
Installing cmsReplayContest script to /usr/local/bin
Installing cmsRWSHelper script to /usr/local/bin
Installing cmsAddUser script to /usr/local/bin
Installing cmsContestExporter script to /usr/local/bin
Installing cmsDumpUpdater script to /usr/local/bin
Installing cmsComputeComplexity script to /usr/local/bin
Installing cmsYamlReimporter script to /usr/local/bin
Installing cmsContestImporter script to /usr/local/bin
Installing cmsRunTests script to /usr/local/bin
Installing cmsRemoveUser script to /usr/local/bin
Installing cmsTestFileCacher script to /usr/local/bin
Installing cmsMake script to /usr/local/bin
Installing cmsImporter script to /usr/local/bin

Installed /usr/local/lib/python2.7/dist-packages/cms-1.1.0-py2.7.egg
Processing dependencies for cms==1.1.0
Finished processing dependencies for cms==1.1.0
creating user and group cmsuser.
copying isolate to /usr/local/bin/.
copying configuration to /usr/local/etc/.
copying localization files:
  bs
  fr
  ru
  ja
  zh
  lt
  it
  nl
creating directories.
done.
